c:\users\piotr\documents\personal\vs-projects\snake\snake\x64\release\vc143.pdb
c:\users\piotr\documents\personal\vs-projects\snake\snake\x64\release\userinputhandler.obj
c:\users\piotr\documents\personal\vs-projects\snake\snake\x64\release\turnpoint.obj
c:\users\piotr\documents\personal\vs-projects\snake\snake\x64\release\transform.obj
c:\users\piotr\documents\personal\vs-projects\snake\snake\x64\release\texturestore.obj
c:\users\piotr\documents\personal\vs-projects\snake\snake\x64\release\snakepart.obj
c:\users\piotr\documents\personal\vs-projects\snake\snake\x64\release\snakemovement.obj
c:\users\piotr\documents\personal\vs-projects\snake\snake\x64\release\snake.obj
c:\users\piotr\documents\personal\vs-projects\snake\snake\x64\release\renderer.obj
c:\users\piotr\documents\personal\vs-projects\snake\snake\x64\release\objectcollider.obj
c:\users\piotr\documents\personal\vs-projects\snake\snake\x64\release\meshrenderer.obj
c:\users\piotr\documents\personal\vs-projects\snake\snake\x64\release\map.obj
c:\users\piotr\documents\personal\vs-projects\snake\snake\x64\release\main.obj
c:\users\piotr\documents\personal\vs-projects\snake\snake\x64\release\gamesettings.obj
c:\users\piotr\documents\personal\vs-projects\snake\snake\x64\release\gameobjectfactory.obj
c:\users\piotr\documents\personal\vs-projects\snake\snake\x64\release\gameobject.obj
c:\users\piotr\documents\personal\vs-projects\snake\snake\x64\release\gameloop.obj
c:\users\piotr\documents\personal\vs-projects\snake\snake\x64\release\component.obj
c:\users\piotr\documents\personal\vs-projects\snake\snake\x64\release\collisionsystem.obj
c:\users\piotr\documents\personal\vs-projects\snake\snake\x64\release\boxcollider.obj
c:\users\piotr\documents\personal\vs-projects\snake\x64\release\snake.exe
c:\users\piotr\documents\personal\vs-projects\snake\snake\x64\release\snake.ipdb
c:\users\piotr\documents\personal\vs-projects\snake\x64\release\snake.pdb
c:\users\piotr\documents\personal\vs-projects\snake\snake\x64\release\snake.iobj
c:\users\piotr\documents\personal\vs-projects\snake\snake\x64\release\snake.tlog\cl.command.1.tlog
c:\users\piotr\documents\personal\vs-projects\snake\snake\x64\release\snake.tlog\cl.items.tlog
c:\users\piotr\documents\personal\vs-projects\snake\snake\x64\release\snake.tlog\cl.read.1.tlog
c:\users\piotr\documents\personal\vs-projects\snake\snake\x64\release\snake.tlog\cl.write.1.tlog
c:\users\piotr\documents\personal\vs-projects\snake\snake\x64\release\snake.tlog\link.command.1.tlog
c:\users\piotr\documents\personal\vs-projects\snake\snake\x64\release\snake.tlog\link.read.1.tlog
c:\users\piotr\documents\personal\vs-projects\snake\snake\x64\release\snake.tlog\link.write.1.tlog
